running egg_info
creating ../../build/moon_sim/moon_sim.egg-info
writing ../../build/moon_sim/moon_sim.egg-info/PKG-INFO
writing dependency_links to ../../build/moon_sim/moon_sim.egg-info/dependency_links.txt
writing entry points to ../../build/moon_sim/moon_sim.egg-info/entry_points.txt
writing requirements to ../../build/moon_sim/moon_sim.egg-info/requires.txt
writing top-level names to ../../build/moon_sim/moon_sim.egg-info/top_level.txt
writing manifest file '../../build/moon_sim/moon_sim.egg-info/SOURCES.txt'
reading manifest file '../../build/moon_sim/moon_sim.egg-info/SOURCES.txt'
writing manifest file '../../build/moon_sim/moon_sim.egg-info/SOURCES.txt'
running build
running build_py
creating /home/castrou/element_challenge/element_ws/build/moon_sim/build
creating /home/castrou/element_challenge/element_ws/build/moon_sim/build/lib
creating /home/castrou/element_challenge/element_ws/build/moon_sim/build/lib/moon_sim
copying moon_sim/__init__.py -> /home/castrou/element_challenge/element_ws/build/moon_sim/build/lib/moon_sim
running install
running install_lib
creating /home/castrou/element_challenge/element_ws/install/moon_sim/lib/python3.10/site-packages/moon_sim
copying /home/castrou/element_challenge/element_ws/build/moon_sim/build/lib/moon_sim/__init__.py -> /home/castrou/element_challenge/element_ws/install/moon_sim/lib/python3.10/site-packages/moon_sim
byte-compiling /home/castrou/element_challenge/element_ws/install/moon_sim/lib/python3.10/site-packages/moon_sim/__init__.py to __init__.cpython-310.pyc
running install_data
creating /home/castrou/element_challenge/element_ws/install/moon_sim/share/ament_index
creating /home/castrou/element_challenge/element_ws/install/moon_sim/share/ament_index/resource_index
creating /home/castrou/element_challenge/element_ws/install/moon_sim/share/ament_index/resource_index/packages
copying resource/moon_sim -> /home/castrou/element_challenge/element_ws/install/moon_sim/share/ament_index/resource_index/packages
copying package.xml -> /home/castrou/element_challenge/element_ws/install/moon_sim/share/moon_sim
creating /home/castrou/element_challenge/element_ws/install/moon_sim/share/moon_sim/launch
copying launch/moon_sim_launch.py -> /home/castrou/element_challenge/element_ws/install/moon_sim/share/moon_sim/launch
running install_egg_info
Copying ../../build/moon_sim/moon_sim.egg-info to /home/castrou/element_challenge/element_ws/install/moon_sim/lib/python3.10/site-packages/moon_sim-0.0.0-py3.10.egg-info
running install_scripts
writing list of installed files to '/home/castrou/element_challenge/element_ws/build/moon_sim/install.log'
