[0.357s] Invoking command in '/home/castrou/element_challenge/element_ws/src/moon_sim': PYTHONPATH=/home/castrou/element_challenge/element_ws/build/moon_sim/prefix_override:/home/castrou/element_challenge/element_ws/install/moon_sim/lib/python3.10/site-packages:${PYTHONPATH} /usr/bin/python3 setup.py egg_info --egg-base ../../build/moon_sim build --build-base /home/castrou/element_challenge/element_ws/build/moon_sim/build install --record /home/castrou/element_challenge/element_ws/build/moon_sim/install.log --single-version-externally-managed
[0.465s] running egg_info
[0.465s] creating ../../build/moon_sim/moon_sim.egg-info
[0.465s] writing ../../build/moon_sim/moon_sim.egg-info/PKG-INFO
[0.465s] writing dependency_links to ../../build/moon_sim/moon_sim.egg-info/dependency_links.txt
[0.465s] writing entry points to ../../build/moon_sim/moon_sim.egg-info/entry_points.txt
[0.465s] writing requirements to ../../build/moon_sim/moon_sim.egg-info/requires.txt
[0.465s] writing top-level names to ../../build/moon_sim/moon_sim.egg-info/top_level.txt
[0.465s] writing manifest file '../../build/moon_sim/moon_sim.egg-info/SOURCES.txt'
[0.466s] reading manifest file '../../build/moon_sim/moon_sim.egg-info/SOURCES.txt'
[0.467s] writing manifest file '../../build/moon_sim/moon_sim.egg-info/SOURCES.txt'
[0.467s] running build
[0.467s] running build_py
[0.467s] creating /home/castrou/element_challenge/element_ws/build/moon_sim/build
[0.467s] creating /home/castrou/element_challenge/element_ws/build/moon_sim/build/lib
[0.467s] creating /home/castrou/element_challenge/element_ws/build/moon_sim/build/lib/moon_sim
[0.467s] copying moon_sim/__init__.py -> /home/castrou/element_challenge/element_ws/build/moon_sim/build/lib/moon_sim
[0.467s] running install
[0.477s] /usr/lib/python3/dist-packages/setuptools/command/install.py:34: SetuptoolsDeprecationWarning: setup.py install is deprecated. Use build and pip and other standards-based tools.
[0.477s]   warnings.warn(
[0.477s] running install_lib
[0.477s] creating /home/castrou/element_challenge/element_ws/install/moon_sim/lib/python3.10/site-packages/moon_sim
[0.477s] copying /home/castrou/element_challenge/element_ws/build/moon_sim/build/lib/moon_sim/__init__.py -> /home/castrou/element_challenge/element_ws/install/moon_sim/lib/python3.10/site-packages/moon_sim
[0.478s] byte-compiling /home/castrou/element_challenge/element_ws/install/moon_sim/lib/python3.10/site-packages/moon_sim/__init__.py to __init__.cpython-310.pyc
[0.478s] running install_data
[0.478s] creating /home/castrou/element_challenge/element_ws/install/moon_sim/share/ament_index
[0.478s] creating /home/castrou/element_challenge/element_ws/install/moon_sim/share/ament_index/resource_index
[0.478s] creating /home/castrou/element_challenge/element_ws/install/moon_sim/share/ament_index/resource_index/packages
[0.478s] copying resource/moon_sim -> /home/castrou/element_challenge/element_ws/install/moon_sim/share/ament_index/resource_index/packages
[0.478s] copying package.xml -> /home/castrou/element_challenge/element_ws/install/moon_sim/share/moon_sim
[0.478s] creating /home/castrou/element_challenge/element_ws/install/moon_sim/share/moon_sim/launch
[0.478s] copying launch/moon_sim_launch.py -> /home/castrou/element_challenge/element_ws/install/moon_sim/share/moon_sim/launch
[0.478s] running install_egg_info
[0.479s] Copying ../../build/moon_sim/moon_sim.egg-info to /home/castrou/element_challenge/element_ws/install/moon_sim/lib/python3.10/site-packages/moon_sim-0.0.0-py3.10.egg-info
[0.479s] running install_scripts
[0.491s] writing list of installed files to '/home/castrou/element_challenge/element_ws/build/moon_sim/install.log'
[0.503s] Invoked command in '/home/castrou/element_challenge/element_ws/src/moon_sim' returned '0': PYTHONPATH=/home/castrou/element_challenge/element_ws/build/moon_sim/prefix_override:/home/castrou/element_challenge/element_ws/install/moon_sim/lib/python3.10/site-packages:${PYTHONPATH} /usr/bin/python3 setup.py egg_info --egg-base ../../build/moon_sim build --build-base /home/castrou/element_challenge/element_ws/build/moon_sim/build install --record /home/castrou/element_challenge/element_ws/build/moon_sim/install.log --single-version-externally-managed
