[0.395s] DEBUG:colcon:Command line arguments: ['/usr/bin/colcon', 'build']
[0.395s] DEBUG:colcon:Parsed command line arguments: Namespace(log_base=None, log_level=None, verb_name='build', build_base='build', install_base='install', merge_install=False, symlink_install=False, test_result_base=None, continue_on_error=False, executor='parallel', parallel_workers=16, event_handlers=None, ignore_user_meta=False, metas=['./colcon.meta'], base_paths=['.'], packages_ignore=None, packages_ignore_regex=None, paths=None, packages_up_to=None, packages_up_to_regex=None, packages_above=None, packages_above_and_dependencies=None, packages_above_depth=None, packages_select_by_dep=None, packages_skip_by_dep=None, packages_skip_up_to=None, packages_select_build_failed=False, packages_skip_build_finished=False, packages_select_test_failures=False, packages_skip_test_passed=False, packages_select=None, packages_skip=None, packages_select_regex=None, packages_skip_regex=None, packages_start=None, packages_end=None, allow_overriding=[], cmake_args=None, cmake_target=None, cmake_target_skip_unavailable=False, cmake_clean_cache=False, cmake_clean_first=False, cmake_force_configure=False, ament_cmake_args=None, catkin_cmake_args=None, catkin_skip_building_tests=False, verb_parser=<colcon_defaults.argument_parser.defaults.DefaultArgumentsDecorator object at 0x7f63647708e0>, verb_extension=<colcon_core.verb.build.BuildVerb object at 0x7f6364754f70>, main=<bound method BuildVerb.main of <colcon_core.verb.build.BuildVerb object at 0x7f6364754f70>>)
[0.416s] Level 1:colcon.colcon_core.package_discovery:discover_packages(colcon_meta) check parameters
[0.416s] Level 1:colcon.colcon_core.package_discovery:discover_packages(recursive) check parameters
[0.416s] Level 1:colcon.colcon_core.package_discovery:discover_packages(ignore) check parameters
[0.416s] Level 1:colcon.colcon_core.package_discovery:discover_packages(path) check parameters
[0.416s] Level 1:colcon.colcon_core.package_discovery:discover_packages(colcon_meta) discover
[0.416s] Level 1:colcon.colcon_core.package_discovery:discover_packages(recursive) discover
[0.416s] INFO:colcon.colcon_core.package_discovery:Crawling recursively for packages in '/home/castrou/element_challenge/element_ws'
[0.416s] Level 1:colcon.colcon_core.package_identification:_identify(.) by extensions ['ignore', 'ignore_ament_install']
[0.416s] Level 1:colcon.colcon_core.package_identification:_identify(.) by extension 'ignore'
[0.416s] Level 1:colcon.colcon_core.package_identification:_identify(.) by extension 'ignore_ament_install'
[0.416s] Level 1:colcon.colcon_core.package_identification:_identify(.) by extensions ['colcon_pkg']
[0.416s] Level 1:colcon.colcon_core.package_identification:_identify(.) by extension 'colcon_pkg'
[0.416s] Level 1:colcon.colcon_core.package_identification:_identify(.) by extensions ['colcon_meta']
[0.416s] Level 1:colcon.colcon_core.package_identification:_identify(.) by extension 'colcon_meta'
[0.416s] Level 1:colcon.colcon_core.package_identification:_identify(.) by extensions ['ros']
[0.416s] Level 1:colcon.colcon_core.package_identification:_identify(.) by extension 'ros'
[0.422s] Level 1:colcon.colcon_core.package_identification:_identify(.) by extensions ['cmake', 'python']
[0.422s] Level 1:colcon.colcon_core.package_identification:_identify(.) by extension 'cmake'
[0.423s] Level 1:colcon.colcon_core.package_identification:_identify(.) by extension 'python'
[0.423s] Level 1:colcon.colcon_core.package_identification:_identify(.) by extensions ['python_setup_py']
[0.423s] Level 1:colcon.colcon_core.package_identification:_identify(.) by extension 'python_setup_py'
[0.423s] Level 1:colcon.colcon_core.package_identification:_identify(build) by extensions ['ignore', 'ignore_ament_install']
[0.423s] Level 1:colcon.colcon_core.package_identification:_identify(build) by extension 'ignore'
[0.423s] Level 1:colcon.colcon_core.package_identification:_identify(build) ignored
[0.423s] Level 1:colcon.colcon_core.package_identification:_identify(install) by extensions ['ignore', 'ignore_ament_install']
[0.423s] Level 1:colcon.colcon_core.package_identification:_identify(install) by extension 'ignore'
[0.423s] Level 1:colcon.colcon_core.package_identification:_identify(install) ignored
[0.423s] Level 1:colcon.colcon_core.package_identification:_identify(log) by extensions ['ignore', 'ignore_ament_install']
[0.423s] Level 1:colcon.colcon_core.package_identification:_identify(log) by extension 'ignore'
[0.423s] Level 1:colcon.colcon_core.package_identification:_identify(log) ignored
[0.423s] Level 1:colcon.colcon_core.package_identification:_identify(src) by extensions ['ignore', 'ignore_ament_install']
[0.423s] Level 1:colcon.colcon_core.package_identification:_identify(src) by extension 'ignore'
[0.423s] Level 1:colcon.colcon_core.package_identification:_identify(src) by extension 'ignore_ament_install'
[0.423s] Level 1:colcon.colcon_core.package_identification:_identify(src) by extensions ['colcon_pkg']
[0.423s] Level 1:colcon.colcon_core.package_identification:_identify(src) by extension 'colcon_pkg'
[0.423s] Level 1:colcon.colcon_core.package_identification:_identify(src) by extensions ['colcon_meta']
[0.423s] Level 1:colcon.colcon_core.package_identification:_identify(src) by extension 'colcon_meta'
[0.423s] Level 1:colcon.colcon_core.package_identification:_identify(src) by extensions ['ros']
[0.423s] Level 1:colcon.colcon_core.package_identification:_identify(src) by extension 'ros'
[0.423s] Level 1:colcon.colcon_core.package_identification:_identify(src) by extensions ['cmake', 'python']
[0.423s] Level 1:colcon.colcon_core.package_identification:_identify(src) by extension 'cmake'
[0.423s] Level 1:colcon.colcon_core.package_identification:_identify(src) by extension 'python'
[0.423s] Level 1:colcon.colcon_core.package_identification:_identify(src) by extensions ['python_setup_py']
[0.423s] Level 1:colcon.colcon_core.package_identification:_identify(src) by extension 'python_setup_py'
[0.423s] Level 1:colcon.colcon_core.package_identification:_identify(src/models) by extensions ['ignore', 'ignore_ament_install']
[0.423s] Level 1:colcon.colcon_core.package_identification:_identify(src/models) by extension 'ignore'
[0.423s] Level 1:colcon.colcon_core.package_identification:_identify(src/models) by extension 'ignore_ament_install'
[0.423s] Level 1:colcon.colcon_core.package_identification:_identify(src/models) by extensions ['colcon_pkg']
[0.423s] Level 1:colcon.colcon_core.package_identification:_identify(src/models) by extension 'colcon_pkg'
[0.423s] Level 1:colcon.colcon_core.package_identification:_identify(src/models) by extensions ['colcon_meta']
[0.423s] Level 1:colcon.colcon_core.package_identification:_identify(src/models) by extension 'colcon_meta'
[0.423s] Level 1:colcon.colcon_core.package_identification:_identify(src/models) by extensions ['ros']
[0.423s] Level 1:colcon.colcon_core.package_identification:_identify(src/models) by extension 'ros'
[0.424s] Level 1:colcon.colcon_core.package_identification:_identify(src/models) by extensions ['cmake', 'python']
[0.424s] Level 1:colcon.colcon_core.package_identification:_identify(src/models) by extension 'cmake'
[0.424s] Level 1:colcon.colcon_core.package_identification:_identify(src/models) by extension 'python'
[0.424s] Level 1:colcon.colcon_core.package_identification:_identify(src/models) by extensions ['python_setup_py']
[0.424s] Level 1:colcon.colcon_core.package_identification:_identify(src/models) by extension 'python_setup_py'
[0.424s] Level 1:colcon.colcon_core.package_identification:_identify(src/models/apollo15_landing_site_1000x1000) by extensions ['ignore', 'ignore_ament_install']
[0.424s] Level 1:colcon.colcon_core.package_identification:_identify(src/models/apollo15_landing_site_1000x1000) by extension 'ignore'
[0.424s] Level 1:colcon.colcon_core.package_identification:_identify(src/models/apollo15_landing_site_1000x1000) by extension 'ignore_ament_install'
[0.424s] Level 1:colcon.colcon_core.package_identification:_identify(src/models/apollo15_landing_site_1000x1000) by extensions ['colcon_pkg']
[0.424s] Level 1:colcon.colcon_core.package_identification:_identify(src/models/apollo15_landing_site_1000x1000) by extension 'colcon_pkg'
[0.424s] Level 1:colcon.colcon_core.package_identification:_identify(src/models/apollo15_landing_site_1000x1000) by extensions ['colcon_meta']
[0.424s] Level 1:colcon.colcon_core.package_identification:_identify(src/models/apollo15_landing_site_1000x1000) by extension 'colcon_meta'
[0.424s] Level 1:colcon.colcon_core.package_identification:_identify(src/models/apollo15_landing_site_1000x1000) by extensions ['ros']
[0.424s] Level 1:colcon.colcon_core.package_identification:_identify(src/models/apollo15_landing_site_1000x1000) by extension 'ros'
[0.424s] Level 1:colcon.colcon_core.package_identification:_identify(src/models/apollo15_landing_site_1000x1000) by extensions ['cmake', 'python']
[0.424s] Level 1:colcon.colcon_core.package_identification:_identify(src/models/apollo15_landing_site_1000x1000) by extension 'cmake'
[0.424s] Level 1:colcon.colcon_core.package_identification:_identify(src/models/apollo15_landing_site_1000x1000) by extension 'python'
[0.424s] Level 1:colcon.colcon_core.package_identification:_identify(src/models/apollo15_landing_site_1000x1000) by extensions ['python_setup_py']
[0.424s] Level 1:colcon.colcon_core.package_identification:_identify(src/models/apollo15_landing_site_1000x1000) by extension 'python_setup_py'
[0.424s] Level 1:colcon.colcon_core.package_identification:_identify(src/models/apollo15_landing_site_1000x1000/materials) by extensions ['ignore', 'ignore_ament_install']
[0.424s] Level 1:colcon.colcon_core.package_identification:_identify(src/models/apollo15_landing_site_1000x1000/materials) by extension 'ignore'
[0.424s] Level 1:colcon.colcon_core.package_identification:_identify(src/models/apollo15_landing_site_1000x1000/materials) by extension 'ignore_ament_install'
[0.424s] Level 1:colcon.colcon_core.package_identification:_identify(src/models/apollo15_landing_site_1000x1000/materials) by extensions ['colcon_pkg']
[0.424s] Level 1:colcon.colcon_core.package_identification:_identify(src/models/apollo15_landing_site_1000x1000/materials) by extension 'colcon_pkg'
[0.424s] Level 1:colcon.colcon_core.package_identification:_identify(src/models/apollo15_landing_site_1000x1000/materials) by extensions ['colcon_meta']
[0.424s] Level 1:colcon.colcon_core.package_identification:_identify(src/models/apollo15_landing_site_1000x1000/materials) by extension 'colcon_meta'
[0.424s] Level 1:colcon.colcon_core.package_identification:_identify(src/models/apollo15_landing_site_1000x1000/materials) by extensions ['ros']
[0.424s] Level 1:colcon.colcon_core.package_identification:_identify(src/models/apollo15_landing_site_1000x1000/materials) by extension 'ros'
[0.424s] Level 1:colcon.colcon_core.package_identification:_identify(src/models/apollo15_landing_site_1000x1000/materials) by extensions ['cmake', 'python']
[0.424s] Level 1:colcon.colcon_core.package_identification:_identify(src/models/apollo15_landing_site_1000x1000/materials) by extension 'cmake'
[0.424s] Level 1:colcon.colcon_core.package_identification:_identify(src/models/apollo15_landing_site_1000x1000/materials) by extension 'python'
[0.424s] Level 1:colcon.colcon_core.package_identification:_identify(src/models/apollo15_landing_site_1000x1000/materials) by extensions ['python_setup_py']
[0.424s] Level 1:colcon.colcon_core.package_identification:_identify(src/models/apollo15_landing_site_1000x1000/materials) by extension 'python_setup_py'
[0.424s] Level 1:colcon.colcon_core.package_identification:_identify(src/models/apollo15_landing_site_1000x1000/materials/textures) by extensions ['ignore', 'ignore_ament_install']
[0.424s] Level 1:colcon.colcon_core.package_identification:_identify(src/models/apollo15_landing_site_1000x1000/materials/textures) by extension 'ignore'
[0.424s] Level 1:colcon.colcon_core.package_identification:_identify(src/models/apollo15_landing_site_1000x1000/materials/textures) by extension 'ignore_ament_install'
[0.424s] Level 1:colcon.colcon_core.package_identification:_identify(src/models/apollo15_landing_site_1000x1000/materials/textures) by extensions ['colcon_pkg']
[0.424s] Level 1:colcon.colcon_core.package_identification:_identify(src/models/apollo15_landing_site_1000x1000/materials/textures) by extension 'colcon_pkg'
[0.424s] Level 1:colcon.colcon_core.package_identification:_identify(src/models/apollo15_landing_site_1000x1000/materials/textures) by extensions ['colcon_meta']
[0.424s] Level 1:colcon.colcon_core.package_identification:_identify(src/models/apollo15_landing_site_1000x1000/materials/textures) by extension 'colcon_meta'
[0.424s] Level 1:colcon.colcon_core.package_identification:_identify(src/models/apollo15_landing_site_1000x1000/materials/textures) by extensions ['ros']
[0.424s] Level 1:colcon.colcon_core.package_identification:_identify(src/models/apollo15_landing_site_1000x1000/materials/textures) by extension 'ros'
[0.424s] Level 1:colcon.colcon_core.package_identification:_identify(src/models/apollo15_landing_site_1000x1000/materials/textures) by extensions ['cmake', 'python']
[0.424s] Level 1:colcon.colcon_core.package_identification:_identify(src/models/apollo15_landing_site_1000x1000/materials/textures) by extension 'cmake'
[0.424s] Level 1:colcon.colcon_core.package_identification:_identify(src/models/apollo15_landing_site_1000x1000/materials/textures) by extension 'python'
[0.424s] Level 1:colcon.colcon_core.package_identification:_identify(src/models/apollo15_landing_site_1000x1000/materials/textures) by extensions ['python_setup_py']
[0.424s] Level 1:colcon.colcon_core.package_identification:_identify(src/models/apollo15_landing_site_1000x1000/materials/textures) by extension 'python_setup_py'
[0.425s] Level 1:colcon.colcon_core.package_identification:_identify(src/models/x1) by extensions ['ignore', 'ignore_ament_install']
[0.425s] Level 1:colcon.colcon_core.package_identification:_identify(src/models/x1) by extension 'ignore'
[0.425s] Level 1:colcon.colcon_core.package_identification:_identify(src/models/x1) by extension 'ignore_ament_install'
[0.425s] Level 1:colcon.colcon_core.package_identification:_identify(src/models/x1) by extensions ['colcon_pkg']
[0.425s] Level 1:colcon.colcon_core.package_identification:_identify(src/models/x1) by extension 'colcon_pkg'
[0.425s] Level 1:colcon.colcon_core.package_identification:_identify(src/models/x1) by extensions ['colcon_meta']
[0.425s] Level 1:colcon.colcon_core.package_identification:_identify(src/models/x1) by extension 'colcon_meta'
[0.425s] Level 1:colcon.colcon_core.package_identification:_identify(src/models/x1) by extensions ['ros']
[0.425s] Level 1:colcon.colcon_core.package_identification:_identify(src/models/x1) by extension 'ros'
[0.425s] Level 1:colcon.colcon_core.package_identification:_identify(src/models/x1) by extensions ['cmake', 'python']
[0.425s] Level 1:colcon.colcon_core.package_identification:_identify(src/models/x1) by extension 'cmake'
[0.425s] Level 1:colcon.colcon_core.package_identification:_identify(src/models/x1) by extension 'python'
[0.425s] Level 1:colcon.colcon_core.package_identification:_identify(src/models/x1) by extensions ['python_setup_py']
[0.425s] Level 1:colcon.colcon_core.package_identification:_identify(src/models/x1) by extension 'python_setup_py'
[0.425s] Level 1:colcon.colcon_core.package_identification:_identify(src/models/x1/materials) by extensions ['ignore', 'ignore_ament_install']
[0.425s] Level 1:colcon.colcon_core.package_identification:_identify(src/models/x1/materials) by extension 'ignore'
[0.425s] Level 1:colcon.colcon_core.package_identification:_identify(src/models/x1/materials) by extension 'ignore_ament_install'
[0.425s] Level 1:colcon.colcon_core.package_identification:_identify(src/models/x1/materials) by extensions ['colcon_pkg']
[0.425s] Level 1:colcon.colcon_core.package_identification:_identify(src/models/x1/materials) by extension 'colcon_pkg'
[0.425s] Level 1:colcon.colcon_core.package_identification:_identify(src/models/x1/materials) by extensions ['colcon_meta']
[0.425s] Level 1:colcon.colcon_core.package_identification:_identify(src/models/x1/materials) by extension 'colcon_meta'
[0.425s] Level 1:colcon.colcon_core.package_identification:_identify(src/models/x1/materials) by extensions ['ros']
[0.425s] Level 1:colcon.colcon_core.package_identification:_identify(src/models/x1/materials) by extension 'ros'
[0.425s] Level 1:colcon.colcon_core.package_identification:_identify(src/models/x1/materials) by extensions ['cmake', 'python']
[0.425s] Level 1:colcon.colcon_core.package_identification:_identify(src/models/x1/materials) by extension 'cmake'
[0.425s] Level 1:colcon.colcon_core.package_identification:_identify(src/models/x1/materials) by extension 'python'
[0.425s] Level 1:colcon.colcon_core.package_identification:_identify(src/models/x1/materials) by extensions ['python_setup_py']
[0.425s] Level 1:colcon.colcon_core.package_identification:_identify(src/models/x1/materials) by extension 'python_setup_py'
[0.425s] Level 1:colcon.colcon_core.package_identification:_identify(src/models/x1/materials/textures) by extensions ['ignore', 'ignore_ament_install']
[0.425s] Level 1:colcon.colcon_core.package_identification:_identify(src/models/x1/materials/textures) by extension 'ignore'
[0.425s] Level 1:colcon.colcon_core.package_identification:_identify(src/models/x1/materials/textures) by extension 'ignore_ament_install'
[0.425s] Level 1:colcon.colcon_core.package_identification:_identify(src/models/x1/materials/textures) by extensions ['colcon_pkg']
[0.425s] Level 1:colcon.colcon_core.package_identification:_identify(src/models/x1/materials/textures) by extension 'colcon_pkg'
[0.425s] Level 1:colcon.colcon_core.package_identification:_identify(src/models/x1/materials/textures) by extensions ['colcon_meta']
[0.425s] Level 1:colcon.colcon_core.package_identification:_identify(src/models/x1/materials/textures) by extension 'colcon_meta'
[0.425s] Level 1:colcon.colcon_core.package_identification:_identify(src/models/x1/materials/textures) by extensions ['ros']
[0.425s] Level 1:colcon.colcon_core.package_identification:_identify(src/models/x1/materials/textures) by extension 'ros'
[0.425s] Level 1:colcon.colcon_core.package_identification:_identify(src/models/x1/materials/textures) by extensions ['cmake', 'python']
[0.425s] Level 1:colcon.colcon_core.package_identification:_identify(src/models/x1/materials/textures) by extension 'cmake'
[0.425s] Level 1:colcon.colcon_core.package_identification:_identify(src/models/x1/materials/textures) by extension 'python'
[0.425s] Level 1:colcon.colcon_core.package_identification:_identify(src/models/x1/materials/textures) by extensions ['python_setup_py']
[0.425s] Level 1:colcon.colcon_core.package_identification:_identify(src/models/x1/materials/textures) by extension 'python_setup_py'
[0.425s] Level 1:colcon.colcon_core.package_identification:_identify(src/models/x1/meshes) by extensions ['ignore', 'ignore_ament_install']
[0.425s] Level 1:colcon.colcon_core.package_identification:_identify(src/models/x1/meshes) by extension 'ignore'
[0.426s] Level 1:colcon.colcon_core.package_identification:_identify(src/models/x1/meshes) by extension 'ignore_ament_install'
[0.426s] Level 1:colcon.colcon_core.package_identification:_identify(src/models/x1/meshes) by extensions ['colcon_pkg']
[0.426s] Level 1:colcon.colcon_core.package_identification:_identify(src/models/x1/meshes) by extension 'colcon_pkg'
[0.426s] Level 1:colcon.colcon_core.package_identification:_identify(src/models/x1/meshes) by extensions ['colcon_meta']
[0.426s] Level 1:colcon.colcon_core.package_identification:_identify(src/models/x1/meshes) by extension 'colcon_meta'
[0.426s] Level 1:colcon.colcon_core.package_identification:_identify(src/models/x1/meshes) by extensions ['ros']
[0.426s] Level 1:colcon.colcon_core.package_identification:_identify(src/models/x1/meshes) by extension 'ros'
[0.426s] Level 1:colcon.colcon_core.package_identification:_identify(src/models/x1/meshes) by extensions ['cmake', 'python']
[0.426s] Level 1:colcon.colcon_core.package_identification:_identify(src/models/x1/meshes) by extension 'cmake'
[0.426s] Level 1:colcon.colcon_core.package_identification:_identify(src/models/x1/meshes) by extension 'python'
[0.426s] Level 1:colcon.colcon_core.package_identification:_identify(src/models/x1/meshes) by extensions ['python_setup_py']
[0.426s] Level 1:colcon.colcon_core.package_identification:_identify(src/models/x1/meshes) by extension 'python_setup_py'
[0.426s] Level 1:colcon.colcon_core.package_identification:_identify(src/models/x1/thumbnails) by extensions ['ignore', 'ignore_ament_install']
[0.426s] Level 1:colcon.colcon_core.package_identification:_identify(src/models/x1/thumbnails) by extension 'ignore'
[0.426s] Level 1:colcon.colcon_core.package_identification:_identify(src/models/x1/thumbnails) by extension 'ignore_ament_install'
[0.426s] Level 1:colcon.colcon_core.package_identification:_identify(src/models/x1/thumbnails) by extensions ['colcon_pkg']
[0.426s] Level 1:colcon.colcon_core.package_identification:_identify(src/models/x1/thumbnails) by extension 'colcon_pkg'
[0.426s] Level 1:colcon.colcon_core.package_identification:_identify(src/models/x1/thumbnails) by extensions ['colcon_meta']
[0.426s] Level 1:colcon.colcon_core.package_identification:_identify(src/models/x1/thumbnails) by extension 'colcon_meta'
[0.426s] Level 1:colcon.colcon_core.package_identification:_identify(src/models/x1/thumbnails) by extensions ['ros']
[0.426s] Level 1:colcon.colcon_core.package_identification:_identify(src/models/x1/thumbnails) by extension 'ros'
[0.426s] Level 1:colcon.colcon_core.package_identification:_identify(src/models/x1/thumbnails) by extensions ['cmake', 'python']
[0.426s] Level 1:colcon.colcon_core.package_identification:_identify(src/models/x1/thumbnails) by extension 'cmake'
[0.426s] Level 1:colcon.colcon_core.package_identification:_identify(src/models/x1/thumbnails) by extension 'python'
[0.426s] Level 1:colcon.colcon_core.package_identification:_identify(src/models/x1/thumbnails) by extensions ['python_setup_py']
[0.426s] Level 1:colcon.colcon_core.package_identification:_identify(src/models/x1/thumbnails) by extension 'python_setup_py'
[0.426s] Level 1:colcon.colcon_core.package_identification:_identify(src/models/x1/worlds) by extensions ['ignore', 'ignore_ament_install']
[0.426s] Level 1:colcon.colcon_core.package_identification:_identify(src/models/x1/worlds) by extension 'ignore'
[0.426s] Level 1:colcon.colcon_core.package_identification:_identify(src/models/x1/worlds) by extension 'ignore_ament_install'
[0.426s] Level 1:colcon.colcon_core.package_identification:_identify(src/models/x1/worlds) by extensions ['colcon_pkg']
[0.426s] Level 1:colcon.colcon_core.package_identification:_identify(src/models/x1/worlds) by extension 'colcon_pkg'
[0.426s] Level 1:colcon.colcon_core.package_identification:_identify(src/models/x1/worlds) by extensions ['colcon_meta']
[0.426s] Level 1:colcon.colcon_core.package_identification:_identify(src/models/x1/worlds) by extension 'colcon_meta'
[0.426s] Level 1:colcon.colcon_core.package_identification:_identify(src/models/x1/worlds) by extensions ['ros']
[0.426s] Level 1:colcon.colcon_core.package_identification:_identify(src/models/x1/worlds) by extension 'ros'
[0.426s] Level 1:colcon.colcon_core.package_identification:_identify(src/models/x1/worlds) by extensions ['cmake', 'python']
[0.426s] Level 1:colcon.colcon_core.package_identification:_identify(src/models/x1/worlds) by extension 'cmake'
[0.426s] Level 1:colcon.colcon_core.package_identification:_identify(src/models/x1/worlds) by extension 'python'
[0.426s] Level 1:colcon.colcon_core.package_identification:_identify(src/models/x1/worlds) by extensions ['python_setup_py']
[0.426s] Level 1:colcon.colcon_core.package_identification:_identify(src/models/x1/worlds) by extension 'python_setup_py'
[0.426s] Level 1:colcon.colcon_core.package_identification:_identify(src/moon_sim) by extensions ['ignore', 'ignore_ament_install']
[0.426s] Level 1:colcon.colcon_core.package_identification:_identify(src/moon_sim) by extension 'ignore'
[0.426s] Level 1:colcon.colcon_core.package_identification:_identify(src/moon_sim) by extension 'ignore_ament_install'
[0.426s] Level 1:colcon.colcon_core.package_identification:_identify(src/moon_sim) by extensions ['colcon_pkg']
[0.426s] Level 1:colcon.colcon_core.package_identification:_identify(src/moon_sim) by extension 'colcon_pkg'
[0.426s] Level 1:colcon.colcon_core.package_identification:_identify(src/moon_sim) by extensions ['colcon_meta']
[0.426s] Level 1:colcon.colcon_core.package_identification:_identify(src/moon_sim) by extension 'colcon_meta'
[0.427s] Level 1:colcon.colcon_core.package_identification:_identify(src/moon_sim) by extensions ['ros']
[0.427s] Level 1:colcon.colcon_core.package_identification:_identify(src/moon_sim) by extension 'ros'
[0.428s] DEBUG:colcon.colcon_core.package_identification:Found ROS schema reference in package manifest in 'src/moon_sim'
[0.428s] WARNING:colcon.colcon_core.package_identification:Failed to parse ROS package manifest in 'src/moon_sim': Error(s) in package 'src/moon_sim/package.xml':
Error(s):
- The manifest of package "moon_sim" (with format version 3) must not contain the following tags: run_depend
- Please replace <run_depend> tags with <exec_depend> tags.
[0.428s] Level 1:colcon.colcon_core.package_identification:_identify(src/moon_sim) by extensions ['cmake', 'python']
[0.428s] Level 1:colcon.colcon_core.package_identification:_identify(src/moon_sim) by extension 'cmake'
[0.428s] Level 1:colcon.colcon_core.package_identification:_identify(src/moon_sim) by extension 'python'
[0.428s] DEBUG:colcon.colcon_core.package_identification:Python package in 'src/moon_sim' passes arguments to the setup() function which requires a different identification extension than 'python'
[0.428s] Level 1:colcon.colcon_core.package_identification:_identify(src/moon_sim) by extensions ['python_setup_py']
[0.428s] Level 1:colcon.colcon_core.package_identification:_identify(src/moon_sim) by extension 'python_setup_py'
[0.558s] ERROR:colcon.colcon_core.package_identification:Exception in package identification extension 'python_setup_py' in 'src/moon_sim': Command '['/usr/bin/python3', '-c', 'import sys;from contextlib import suppress;exec("with suppress(ImportError):    from setuptools.extern.packaging.specifiers    import SpecifierSet");exec("with suppress(ImportError):    from packaging.specifiers import SpecifierSet");from distutils.core import run_setup;dist = run_setup(    \'setup.py\', script_args=(\'--dry-run\',), stop_after=\'config\');skip_keys = (\'cmdclass\', \'distclass\', \'ext_modules\', \'metadata\');data = {    key: value for key, value in dist.__dict__.items()     if (        not key.startswith(\'_\') and         not callable(value) and         key not in skip_keys and         key not in dist.display_option_names    )};data[\'metadata\'] = {    k: v for k, v in dist.metadata.__dict__.items()     if k not in (\'license_files\', \'provides_extras\')};sys.stdout.buffer.write(repr(data).encode(\'utf-8\'))']' returned non-zero exit status 1.
Traceback (most recent call last):
  File "/usr/lib/python3/dist-packages/colcon_core/package_identification/__init__.py", line 142, in _identify
    retval = extension.identify(_reused_descriptor_instance)
  File "/usr/lib/python3/dist-packages/colcon_python_setup_py/package_identification/python_setup_py.py", line 48, in identify
    config = get_setup_information(setup_py)
  File "/usr/lib/python3/dist-packages/colcon_python_setup_py/package_identification/python_setup_py.py", line 241, in get_setup_information
    _setup_information_cache[hashable_env] = _get_setup_information(
  File "/usr/lib/python3/dist-packages/colcon_python_setup_py/package_identification/python_setup_py.py", line 288, in _get_setup_information
    result = subprocess.run(
  File "/usr/lib/python3.10/subprocess.py", line 526, in run
    raise CalledProcessError(retcode, process.args,
subprocess.CalledProcessError: Command '['/usr/bin/python3', '-c', 'import sys;from contextlib import suppress;exec("with suppress(ImportError):    from setuptools.extern.packaging.specifiers    import SpecifierSet");exec("with suppress(ImportError):    from packaging.specifiers import SpecifierSet");from distutils.core import run_setup;dist = run_setup(    \'setup.py\', script_args=(\'--dry-run\',), stop_after=\'config\');skip_keys = (\'cmdclass\', \'distclass\', \'ext_modules\', \'metadata\');data = {    key: value for key, value in dist.__dict__.items()     if (        not key.startswith(\'_\') and         not callable(value) and         key not in skip_keys and         key not in dist.display_option_names    )};data[\'metadata\'] = {    k: v for k, v in dist.metadata.__dict__.items()     if k not in (\'license_files\', \'provides_extras\')};sys.stdout.buffer.write(repr(data).encode(\'utf-8\'))']' returned non-zero exit status 1.

[0.558s] Level 1:colcon.colcon_core.package_identification:_identify(src/moon_sim/launch) by extensions ['ignore', 'ignore_ament_install']
[0.558s] Level 1:colcon.colcon_core.package_identification:_identify(src/moon_sim/launch) by extension 'ignore'
[0.558s] Level 1:colcon.colcon_core.package_identification:_identify(src/moon_sim/launch) by extension 'ignore_ament_install'
[0.558s] Level 1:colcon.colcon_core.package_identification:_identify(src/moon_sim/launch) by extensions ['colcon_pkg']
[0.558s] Level 1:colcon.colcon_core.package_identification:_identify(src/moon_sim/launch) by extension 'colcon_pkg'
[0.558s] Level 1:colcon.colcon_core.package_identification:_identify(src/moon_sim/launch) by extensions ['colcon_meta']
[0.558s] Level 1:colcon.colcon_core.package_identification:_identify(src/moon_sim/launch) by extension 'colcon_meta'
[0.558s] Level 1:colcon.colcon_core.package_identification:_identify(src/moon_sim/launch) by extensions ['ros']
[0.558s] Level 1:colcon.colcon_core.package_identification:_identify(src/moon_sim/launch) by extension 'ros'
[0.558s] Level 1:colcon.colcon_core.package_identification:_identify(src/moon_sim/launch) by extensions ['cmake', 'python']
[0.558s] Level 1:colcon.colcon_core.package_identification:_identify(src/moon_sim/launch) by extension 'cmake'
[0.558s] Level 1:colcon.colcon_core.package_identification:_identify(src/moon_sim/launch) by extension 'python'
[0.558s] Level 1:colcon.colcon_core.package_identification:_identify(src/moon_sim/launch) by extensions ['python_setup_py']
[0.559s] Level 1:colcon.colcon_core.package_identification:_identify(src/moon_sim/launch) by extension 'python_setup_py'
[0.559s] Level 1:colcon.colcon_core.package_identification:_identify(src/moon_sim/moon_sim) by extensions ['ignore', 'ignore_ament_install']
[0.559s] Level 1:colcon.colcon_core.package_identification:_identify(src/moon_sim/moon_sim) by extension 'ignore'
[0.559s] Level 1:colcon.colcon_core.package_identification:_identify(src/moon_sim/moon_sim) by extension 'ignore_ament_install'
[0.559s] Level 1:colcon.colcon_core.package_identification:_identify(src/moon_sim/moon_sim) by extensions ['colcon_pkg']
[0.559s] Level 1:colcon.colcon_core.package_identification:_identify(src/moon_sim/moon_sim) by extension 'colcon_pkg'
[0.559s] Level 1:colcon.colcon_core.package_identification:_identify(src/moon_sim/moon_sim) by extensions ['colcon_meta']
[0.559s] Level 1:colcon.colcon_core.package_identification:_identify(src/moon_sim/moon_sim) by extension 'colcon_meta'
[0.559s] Level 1:colcon.colcon_core.package_identification:_identify(src/moon_sim/moon_sim) by extensions ['ros']
[0.559s] Level 1:colcon.colcon_core.package_identification:_identify(src/moon_sim/moon_sim) by extension 'ros'
[0.559s] Level 1:colcon.colcon_core.package_identification:_identify(src/moon_sim/moon_sim) by extensions ['cmake', 'python']
[0.559s] Level 1:colcon.colcon_core.package_identification:_identify(src/moon_sim/moon_sim) by extension 'cmake'
[0.559s] Level 1:colcon.colcon_core.package_identification:_identify(src/moon_sim/moon_sim) by extension 'python'
[0.559s] Level 1:colcon.colcon_core.package_identification:_identify(src/moon_sim/moon_sim) by extensions ['python_setup_py']
[0.559s] Level 1:colcon.colcon_core.package_identification:_identify(src/moon_sim/moon_sim) by extension 'python_setup_py'
[0.559s] Level 1:colcon.colcon_core.package_identification:_identify(src/moon_sim/resource) by extensions ['ignore', 'ignore_ament_install']
[0.559s] Level 1:colcon.colcon_core.package_identification:_identify(src/moon_sim/resource) by extension 'ignore'
[0.559s] Level 1:colcon.colcon_core.package_identification:_identify(src/moon_sim/resource) by extension 'ignore_ament_install'
[0.559s] Level 1:colcon.colcon_core.package_identification:_identify(src/moon_sim/resource) by extensions ['colcon_pkg']
[0.559s] Level 1:colcon.colcon_core.package_identification:_identify(src/moon_sim/resource) by extension 'colcon_pkg'
[0.559s] Level 1:colcon.colcon_core.package_identification:_identify(src/moon_sim/resource) by extensions ['colcon_meta']
[0.559s] Level 1:colcon.colcon_core.package_identification:_identify(src/moon_sim/resource) by extension 'colcon_meta'
[0.559s] Level 1:colcon.colcon_core.package_identification:_identify(src/moon_sim/resource) by extensions ['ros']
[0.559s] Level 1:colcon.colcon_core.package_identification:_identify(src/moon_sim/resource) by extension 'ros'
[0.559s] Level 1:colcon.colcon_core.package_identification:_identify(src/moon_sim/resource) by extensions ['cmake', 'python']
[0.559s] Level 1:colcon.colcon_core.package_identification:_identify(src/moon_sim/resource) by extension 'cmake'
[0.559s] Level 1:colcon.colcon_core.package_identification:_identify(src/moon_sim/resource) by extension 'python'
[0.559s] Level 1:colcon.colcon_core.package_identification:_identify(src/moon_sim/resource) by extensions ['python_setup_py']
[0.559s] Level 1:colcon.colcon_core.package_identification:_identify(src/moon_sim/resource) by extension 'python_setup_py'
[0.559s] Level 1:colcon.colcon_core.package_identification:_identify(src/moon_sim/test) by extensions ['ignore', 'ignore_ament_install']
[0.560s] Level 1:colcon.colcon_core.package_identification:_identify(src/moon_sim/test) by extension 'ignore'
[0.560s] Level 1:colcon.colcon_core.package_identification:_identify(src/moon_sim/test) by extension 'ignore_ament_install'
[0.560s] Level 1:colcon.colcon_core.package_identification:_identify(src/moon_sim/test) by extensions ['colcon_pkg']
[0.560s] Level 1:colcon.colcon_core.package_identification:_identify(src/moon_sim/test) by extension 'colcon_pkg'
[0.560s] Level 1:colcon.colcon_core.package_identification:_identify(src/moon_sim/test) by extensions ['colcon_meta']
[0.560s] Level 1:colcon.colcon_core.package_identification:_identify(src/moon_sim/test) by extension 'colcon_meta'
[0.560s] Level 1:colcon.colcon_core.package_identification:_identify(src/moon_sim/test) by extensions ['ros']
[0.560s] Level 1:colcon.colcon_core.package_identification:_identify(src/moon_sim/test) by extension 'ros'
[0.560s] Level 1:colcon.colcon_core.package_identification:_identify(src/moon_sim/test) by extensions ['cmake', 'python']
[0.560s] Level 1:colcon.colcon_core.package_identification:_identify(src/moon_sim/test) by extension 'cmake'
[0.560s] Level 1:colcon.colcon_core.package_identification:_identify(src/moon_sim/test) by extension 'python'
[0.560s] Level 1:colcon.colcon_core.package_identification:_identify(src/moon_sim/test) by extensions ['python_setup_py']
[0.560s] Level 1:colcon.colcon_core.package_identification:_identify(src/moon_sim/test) by extension 'python_setup_py'
[0.560s] Level 1:colcon.colcon_core.package_identification:_identify(src/worlds) by extensions ['ignore', 'ignore_ament_install']
[0.560s] Level 1:colcon.colcon_core.package_identification:_identify(src/worlds) by extension 'ignore'
[0.560s] Level 1:colcon.colcon_core.package_identification:_identify(src/worlds) by extension 'ignore_ament_install'
[0.560s] Level 1:colcon.colcon_core.package_identification:_identify(src/worlds) by extensions ['colcon_pkg']
[0.560s] Level 1:colcon.colcon_core.package_identification:_identify(src/worlds) by extension 'colcon_pkg'
[0.560s] Level 1:colcon.colcon_core.package_identification:_identify(src/worlds) by extensions ['colcon_meta']
[0.560s] Level 1:colcon.colcon_core.package_identification:_identify(src/worlds) by extension 'colcon_meta'
[0.560s] Level 1:colcon.colcon_core.package_identification:_identify(src/worlds) by extensions ['ros']
[0.560s] Level 1:colcon.colcon_core.package_identification:_identify(src/worlds) by extension 'ros'
[0.560s] Level 1:colcon.colcon_core.package_identification:_identify(src/worlds) by extensions ['cmake', 'python']
[0.560s] Level 1:colcon.colcon_core.package_identification:_identify(src/worlds) by extension 'cmake'
[0.560s] Level 1:colcon.colcon_core.package_identification:_identify(src/worlds) by extension 'python'
[0.560s] Level 1:colcon.colcon_core.package_identification:_identify(src/worlds) by extensions ['python_setup_py']
[0.560s] Level 1:colcon.colcon_core.package_identification:_identify(src/worlds) by extension 'python_setup_py'
[0.560s] Level 1:colcon.colcon_core.package_discovery:discover_packages(recursive) using defaults
[0.560s] Level 1:colcon.colcon_core.package_discovery:discover_packages(ignore) discover
[0.560s] Level 1:colcon.colcon_core.package_discovery:discover_packages(ignore) using defaults
[0.560s] Level 1:colcon.colcon_core.package_discovery:discover_packages(path) discover
[0.560s] Level 1:colcon.colcon_core.package_discovery:discover_packages(path) using defaults
[0.599s] Level 1:colcon.colcon_core.package_discovery:discover_packages(prefix_path) check parameters
[0.599s] Level 1:colcon.colcon_core.package_discovery:discover_packages(prefix_path) discover
[0.611s] DEBUG:colcon.colcon_installed_package_information.package_discovery:Found 1 installed packages in /home/castrou/element_challenge/element_ws/install
[0.616s] DEBUG:colcon.colcon_installed_package_information.package_discovery:Found 270 installed packages in /opt/ros/humble
[0.617s] Level 1:colcon.colcon_core.package_discovery:discover_packages(prefix_path) using defaults
[0.657s] INFO:colcon.colcon_core.executor:Executing jobs using 'parallel' executor
[0.663s] DEBUG:colcon.colcon_parallel_executor.executor.parallel:run_until_complete
[0.663s] DEBUG:colcon.colcon_parallel_executor.executor.parallel:closing loop
[0.663s] DEBUG:colcon.colcon_parallel_executor.executor.parallel:loop closed
[0.663s] DEBUG:colcon.colcon_parallel_executor.executor.parallel:run_until_complete finished with '0'
[0.663s] DEBUG:colcon.colcon_core.event_reactor:joining thread
[0.671s] INFO:colcon.colcon_core.plugin_system:Skipping extension 'colcon_notification.desktop_notification.terminal_notifier': Not used on non-Darwin systems
[0.671s] INFO:colcon.colcon_core.plugin_system:Skipping extension 'colcon_notification.desktop_notification.win32': Not used on non-Windows systems
[0.671s] INFO:colcon.colcon_notification.desktop_notification:Sending desktop notification using 'notify2'
[0.679s] DEBUG:colcon.colcon_core.event_reactor:joined thread
[0.692s] INFO:colcon.colcon_core.plugin_system:Skipping extension 'colcon_core.shell.bat': Not used on non-Windows systems
[0.693s] INFO:colcon.colcon_core.shell:Creating prefix script '/home/castrou/element_challenge/element_ws/install/local_setup.ps1'
[0.693s] INFO:colcon.colcon_core.shell:Creating prefix util module '/home/castrou/element_challenge/element_ws/install/_local_setup_util_ps1.py'
[0.694s] INFO:colcon.colcon_core.shell:Creating prefix chain script '/home/castrou/element_challenge/element_ws/install/setup.ps1'
[0.700s] INFO:colcon.colcon_core.shell:Creating prefix script '/home/castrou/element_challenge/element_ws/install/local_setup.sh'
[0.700s] INFO:colcon.colcon_core.shell:Creating prefix util module '/home/castrou/element_challenge/element_ws/install/_local_setup_util_sh.py'
[0.700s] INFO:colcon.colcon_core.shell:Creating prefix chain script '/home/castrou/element_challenge/element_ws/install/setup.sh'
[0.707s] INFO:colcon.colcon_core.shell:Creating prefix script '/home/castrou/element_challenge/element_ws/install/local_setup.bash'
[0.707s] INFO:colcon.colcon_core.shell:Creating prefix chain script '/home/castrou/element_challenge/element_ws/install/setup.bash'
[0.714s] INFO:colcon.colcon_core.shell:Creating prefix script '/home/castrou/element_challenge/element_ws/install/local_setup.zsh'
[0.714s] INFO:colcon.colcon_core.shell:Creating prefix chain script '/home/castrou/element_challenge/element_ws/install/setup.zsh'
