running egg_info
writing ../../build/moon_sim/moon_sim.egg-info/PKG-INFO
writing dependency_links to ../../build/moon_sim/moon_sim.egg-info/dependency_links.txt
writing entry points to ../../build/moon_sim/moon_sim.egg-info/entry_points.txt
writing requirements to ../../build/moon_sim/moon_sim.egg-info/requires.txt
writing top-level names to ../../build/moon_sim/moon_sim.egg-info/top_level.txt
reading manifest file '../../build/moon_sim/moon_sim.egg-info/SOURCES.txt'
writing manifest file '../../build/moon_sim/moon_sim.egg-info/SOURCES.txt'
running build
running build_py
running install
/usr/lib/python3/dist-packages/setuptools/command/install.py:34: SetuptoolsDeprecationWarning: setup.py install is deprecated. Use build and pip and other standards-based tools.
  warnings.warn(
running install_lib
running install_data
copying launch/moon_sim_launch.py -> /home/castrou/element_challenge/element_ws/install/moon_sim/share/moon_sim/launch
running install_egg_info
removing '/home/castrou/element_challenge/element_ws/install/moon_sim/lib/python3.10/site-packages/moon_sim-0.0.0-py3.10.egg-info' (and everything under it)
Copying ../../build/moon_sim/moon_sim.egg-info to /home/castrou/element_challenge/element_ws/install/moon_sim/lib/python3.10/site-packages/moon_sim-0.0.0-py3.10.egg-info
running install_scripts
writing list of installed files to '/home/castrou/element_challenge/element_ws/build/moon_sim/install.log'
