[0.399s] DEBUG:colcon:Command line arguments: ['/usr/bin/colcon', 'build']
[0.399s] DEBUG:colcon:Parsed command line arguments: Namespace(log_base=None, log_level=None, verb_name='build', build_base='build', install_base='install', merge_install=False, symlink_install=False, test_result_base=None, continue_on_error=False, executor='parallel', parallel_workers=16, event_handlers=None, ignore_user_meta=False, metas=['./colcon.meta'], base_paths=['.'], packages_ignore=None, packages_ignore_regex=None, paths=None, packages_up_to=None, packages_up_to_regex=None, packages_above=None, packages_above_and_dependencies=None, packages_above_depth=None, packages_select_by_dep=None, packages_skip_by_dep=None, packages_skip_up_to=None, packages_select_build_failed=False, packages_skip_build_finished=False, packages_select_test_failures=False, packages_skip_test_passed=False, packages_select=None, packages_skip=None, packages_select_regex=None, packages_skip_regex=None, packages_start=None, packages_end=None, allow_overriding=[], cmake_args=None, cmake_target=None, cmake_target_skip_unavailable=False, cmake_clean_cache=False, cmake_clean_first=False, cmake_force_configure=False, ament_cmake_args=None, catkin_cmake_args=None, catkin_skip_building_tests=False, verb_parser=<colcon_defaults.argument_parser.defaults.DefaultArgumentsDecorator object at 0x7f0c6fb77a30>, verb_extension=<colcon_core.verb.build.BuildVerb object at 0x7f0c6fb54850>, main=<bound method BuildVerb.main of <colcon_core.verb.build.BuildVerb object at 0x7f0c6fb54850>>)
[0.420s] Level 1:colcon.colcon_core.package_discovery:discover_packages(colcon_meta) check parameters
[0.420s] Level 1:colcon.colcon_core.package_discovery:discover_packages(recursive) check parameters
[0.420s] Level 1:colcon.colcon_core.package_discovery:discover_packages(ignore) check parameters
[0.420s] Level 1:colcon.colcon_core.package_discovery:discover_packages(path) check parameters
[0.420s] Level 1:colcon.colcon_core.package_discovery:discover_packages(colcon_meta) discover
[0.420s] Level 1:colcon.colcon_core.package_discovery:discover_packages(recursive) discover
[0.420s] INFO:colcon.colcon_core.package_discovery:Crawling recursively for packages in '/home/castrou/element_challenge/element_ws'
[0.420s] Level 1:colcon.colcon_core.package_identification:_identify(.) by extensions ['ignore', 'ignore_ament_install']
[0.420s] Level 1:colcon.colcon_core.package_identification:_identify(.) by extension 'ignore'
[0.420s] Level 1:colcon.colcon_core.package_identification:_identify(.) by extension 'ignore_ament_install'
[0.420s] Level 1:colcon.colcon_core.package_identification:_identify(.) by extensions ['colcon_pkg']
[0.420s] Level 1:colcon.colcon_core.package_identification:_identify(.) by extension 'colcon_pkg'
[0.420s] Level 1:colcon.colcon_core.package_identification:_identify(.) by extensions ['colcon_meta']
[0.420s] Level 1:colcon.colcon_core.package_identification:_identify(.) by extension 'colcon_meta'
[0.420s] Level 1:colcon.colcon_core.package_identification:_identify(.) by extensions ['ros']
[0.420s] Level 1:colcon.colcon_core.package_identification:_identify(.) by extension 'ros'
[0.426s] Level 1:colcon.colcon_core.package_identification:_identify(.) by extensions ['cmake', 'python']
[0.426s] Level 1:colcon.colcon_core.package_identification:_identify(.) by extension 'cmake'
[0.426s] Level 1:colcon.colcon_core.package_identification:_identify(.) by extension 'python'
[0.426s] Level 1:colcon.colcon_core.package_identification:_identify(.) by extensions ['python_setup_py']
[0.426s] Level 1:colcon.colcon_core.package_identification:_identify(.) by extension 'python_setup_py'
[0.426s] Level 1:colcon.colcon_core.package_identification:_identify(build) by extensions ['ignore', 'ignore_ament_install']
[0.426s] Level 1:colcon.colcon_core.package_identification:_identify(build) by extension 'ignore'
[0.426s] Level 1:colcon.colcon_core.package_identification:_identify(build) ignored
[0.427s] Level 1:colcon.colcon_core.package_identification:_identify(install) by extensions ['ignore', 'ignore_ament_install']
[0.427s] Level 1:colcon.colcon_core.package_identification:_identify(install) by extension 'ignore'
[0.427s] Level 1:colcon.colcon_core.package_identification:_identify(install) ignored
[0.427s] Level 1:colcon.colcon_core.package_identification:_identify(log) by extensions ['ignore', 'ignore_ament_install']
[0.427s] Level 1:colcon.colcon_core.package_identification:_identify(log) by extension 'ignore'
[0.427s] Level 1:colcon.colcon_core.package_identification:_identify(log) ignored
[0.427s] Level 1:colcon.colcon_core.package_identification:_identify(src) by extensions ['ignore', 'ignore_ament_install']
[0.427s] Level 1:colcon.colcon_core.package_identification:_identify(src) by extension 'ignore'
[0.427s] Level 1:colcon.colcon_core.package_identification:_identify(src) by extension 'ignore_ament_install'
[0.427s] Level 1:colcon.colcon_core.package_identification:_identify(src) by extensions ['colcon_pkg']
[0.427s] Level 1:colcon.colcon_core.package_identification:_identify(src) by extension 'colcon_pkg'
[0.427s] Level 1:colcon.colcon_core.package_identification:_identify(src) by extensions ['colcon_meta']
[0.427s] Level 1:colcon.colcon_core.package_identification:_identify(src) by extension 'colcon_meta'
[0.427s] Level 1:colcon.colcon_core.package_identification:_identify(src) by extensions ['ros']
[0.427s] Level 1:colcon.colcon_core.package_identification:_identify(src) by extension 'ros'
[0.427s] Level 1:colcon.colcon_core.package_identification:_identify(src) by extensions ['cmake', 'python']
[0.427s] Level 1:colcon.colcon_core.package_identification:_identify(src) by extension 'cmake'
[0.427s] Level 1:colcon.colcon_core.package_identification:_identify(src) by extension 'python'
[0.427s] Level 1:colcon.colcon_core.package_identification:_identify(src) by extensions ['python_setup_py']
[0.427s] Level 1:colcon.colcon_core.package_identification:_identify(src) by extension 'python_setup_py'
[0.427s] Level 1:colcon.colcon_core.package_identification:_identify(src/models) by extensions ['ignore', 'ignore_ament_install']
[0.427s] Level 1:colcon.colcon_core.package_identification:_identify(src/models) by extension 'ignore'
[0.427s] Level 1:colcon.colcon_core.package_identification:_identify(src/models) by extension 'ignore_ament_install'
[0.427s] Level 1:colcon.colcon_core.package_identification:_identify(src/models) by extensions ['colcon_pkg']
[0.427s] Level 1:colcon.colcon_core.package_identification:_identify(src/models) by extension 'colcon_pkg'
[0.427s] Level 1:colcon.colcon_core.package_identification:_identify(src/models) by extensions ['colcon_meta']
[0.427s] Level 1:colcon.colcon_core.package_identification:_identify(src/models) by extension 'colcon_meta'
[0.427s] Level 1:colcon.colcon_core.package_identification:_identify(src/models) by extensions ['ros']
[0.427s] Level 1:colcon.colcon_core.package_identification:_identify(src/models) by extension 'ros'
[0.427s] Level 1:colcon.colcon_core.package_identification:_identify(src/models) by extensions ['cmake', 'python']
[0.427s] Level 1:colcon.colcon_core.package_identification:_identify(src/models) by extension 'cmake'
[0.427s] Level 1:colcon.colcon_core.package_identification:_identify(src/models) by extension 'python'
[0.427s] Level 1:colcon.colcon_core.package_identification:_identify(src/models) by extensions ['python_setup_py']
[0.427s] Level 1:colcon.colcon_core.package_identification:_identify(src/models) by extension 'python_setup_py'
[0.427s] Level 1:colcon.colcon_core.package_identification:_identify(src/models/apollo15_landing_site_1000x1000) by extensions ['ignore', 'ignore_ament_install']
[0.427s] Level 1:colcon.colcon_core.package_identification:_identify(src/models/apollo15_landing_site_1000x1000) by extension 'ignore'
[0.427s] Level 1:colcon.colcon_core.package_identification:_identify(src/models/apollo15_landing_site_1000x1000) by extension 'ignore_ament_install'
[0.427s] Level 1:colcon.colcon_core.package_identification:_identify(src/models/apollo15_landing_site_1000x1000) by extensions ['colcon_pkg']
[0.427s] Level 1:colcon.colcon_core.package_identification:_identify(src/models/apollo15_landing_site_1000x1000) by extension 'colcon_pkg'
[0.427s] Level 1:colcon.colcon_core.package_identification:_identify(src/models/apollo15_landing_site_1000x1000) by extensions ['colcon_meta']
[0.427s] Level 1:colcon.colcon_core.package_identification:_identify(src/models/apollo15_landing_site_1000x1000) by extension 'colcon_meta'
[0.428s] Level 1:colcon.colcon_core.package_identification:_identify(src/models/apollo15_landing_site_1000x1000) by extensions ['ros']
[0.428s] Level 1:colcon.colcon_core.package_identification:_identify(src/models/apollo15_landing_site_1000x1000) by extension 'ros'
[0.428s] Level 1:colcon.colcon_core.package_identification:_identify(src/models/apollo15_landing_site_1000x1000) by extensions ['cmake', 'python']
[0.428s] Level 1:colcon.colcon_core.package_identification:_identify(src/models/apollo15_landing_site_1000x1000) by extension 'cmake'
[0.428s] Level 1:colcon.colcon_core.package_identification:_identify(src/models/apollo15_landing_site_1000x1000) by extension 'python'
[0.428s] Level 1:colcon.colcon_core.package_identification:_identify(src/models/apollo15_landing_site_1000x1000) by extensions ['python_setup_py']
[0.428s] Level 1:colcon.colcon_core.package_identification:_identify(src/models/apollo15_landing_site_1000x1000) by extension 'python_setup_py'
[0.428s] Level 1:colcon.colcon_core.package_identification:_identify(src/models/apollo15_landing_site_1000x1000/materials) by extensions ['ignore', 'ignore_ament_install']
[0.428s] Level 1:colcon.colcon_core.package_identification:_identify(src/models/apollo15_landing_site_1000x1000/materials) by extension 'ignore'
[0.428s] Level 1:colcon.colcon_core.package_identification:_identify(src/models/apollo15_landing_site_1000x1000/materials) by extension 'ignore_ament_install'
[0.428s] Level 1:colcon.colcon_core.package_identification:_identify(src/models/apollo15_landing_site_1000x1000/materials) by extensions ['colcon_pkg']
[0.428s] Level 1:colcon.colcon_core.package_identification:_identify(src/models/apollo15_landing_site_1000x1000/materials) by extension 'colcon_pkg'
[0.428s] Level 1:colcon.colcon_core.package_identification:_identify(src/models/apollo15_landing_site_1000x1000/materials) by extensions ['colcon_meta']
[0.428s] Level 1:colcon.colcon_core.package_identification:_identify(src/models/apollo15_landing_site_1000x1000/materials) by extension 'colcon_meta'
[0.428s] Level 1:colcon.colcon_core.package_identification:_identify(src/models/apollo15_landing_site_1000x1000/materials) by extensions ['ros']
[0.428s] Level 1:colcon.colcon_core.package_identification:_identify(src/models/apollo15_landing_site_1000x1000/materials) by extension 'ros'
[0.428s] Level 1:colcon.colcon_core.package_identification:_identify(src/models/apollo15_landing_site_1000x1000/materials) by extensions ['cmake', 'python']
[0.428s] Level 1:colcon.colcon_core.package_identification:_identify(src/models/apollo15_landing_site_1000x1000/materials) by extension 'cmake'
[0.428s] Level 1:colcon.colcon_core.package_identification:_identify(src/models/apollo15_landing_site_1000x1000/materials) by extension 'python'
[0.428s] Level 1:colcon.colcon_core.package_identification:_identify(src/models/apollo15_landing_site_1000x1000/materials) by extensions ['python_setup_py']
[0.428s] Level 1:colcon.colcon_core.package_identification:_identify(src/models/apollo15_landing_site_1000x1000/materials) by extension 'python_setup_py'
[0.428s] Level 1:colcon.colcon_core.package_identification:_identify(src/models/apollo15_landing_site_1000x1000/materials/textures) by extensions ['ignore', 'ignore_ament_install']
[0.428s] Level 1:colcon.colcon_core.package_identification:_identify(src/models/apollo15_landing_site_1000x1000/materials/textures) by extension 'ignore'
[0.428s] Level 1:colcon.colcon_core.package_identification:_identify(src/models/apollo15_landing_site_1000x1000/materials/textures) by extension 'ignore_ament_install'
[0.428s] Level 1:colcon.colcon_core.package_identification:_identify(src/models/apollo15_landing_site_1000x1000/materials/textures) by extensions ['colcon_pkg']
[0.428s] Level 1:colcon.colcon_core.package_identification:_identify(src/models/apollo15_landing_site_1000x1000/materials/textures) by extension 'colcon_pkg'
[0.428s] Level 1:colcon.colcon_core.package_identification:_identify(src/models/apollo15_landing_site_1000x1000/materials/textures) by extensions ['colcon_meta']
[0.428s] Level 1:colcon.colcon_core.package_identification:_identify(src/models/apollo15_landing_site_1000x1000/materials/textures) by extension 'colcon_meta'
[0.428s] Level 1:colcon.colcon_core.package_identification:_identify(src/models/apollo15_landing_site_1000x1000/materials/textures) by extensions ['ros']
[0.428s] Level 1:colcon.colcon_core.package_identification:_identify(src/models/apollo15_landing_site_1000x1000/materials/textures) by extension 'ros'
[0.428s] Level 1:colcon.colcon_core.package_identification:_identify(src/models/apollo15_landing_site_1000x1000/materials/textures) by extensions ['cmake', 'python']
[0.428s] Level 1:colcon.colcon_core.package_identification:_identify(src/models/apollo15_landing_site_1000x1000/materials/textures) by extension 'cmake'
[0.428s] Level 1:colcon.colcon_core.package_identification:_identify(src/models/apollo15_landing_site_1000x1000/materials/textures) by extension 'python'
[0.428s] Level 1:colcon.colcon_core.package_identification:_identify(src/models/apollo15_landing_site_1000x1000/materials/textures) by extensions ['python_setup_py']
[0.428s] Level 1:colcon.colcon_core.package_identification:_identify(src/models/apollo15_landing_site_1000x1000/materials/textures) by extension 'python_setup_py'
[0.428s] Level 1:colcon.colcon_core.package_identification:_identify(src/models/x1) by extensions ['ignore', 'ignore_ament_install']
[0.428s] Level 1:colcon.colcon_core.package_identification:_identify(src/models/x1) by extension 'ignore'
[0.428s] Level 1:colcon.colcon_core.package_identification:_identify(src/models/x1) by extension 'ignore_ament_install'
[0.428s] Level 1:colcon.colcon_core.package_identification:_identify(src/models/x1) by extensions ['colcon_pkg']
[0.428s] Level 1:colcon.colcon_core.package_identification:_identify(src/models/x1) by extension 'colcon_pkg'
[0.428s] Level 1:colcon.colcon_core.package_identification:_identify(src/models/x1) by extensions ['colcon_meta']
[0.428s] Level 1:colcon.colcon_core.package_identification:_identify(src/models/x1) by extension 'colcon_meta'
[0.428s] Level 1:colcon.colcon_core.package_identification:_identify(src/models/x1) by extensions ['ros']
[0.428s] Level 1:colcon.colcon_core.package_identification:_identify(src/models/x1) by extension 'ros'
[0.429s] Level 1:colcon.colcon_core.package_identification:_identify(src/models/x1) by extensions ['cmake', 'python']
[0.429s] Level 1:colcon.colcon_core.package_identification:_identify(src/models/x1) by extension 'cmake'
[0.429s] Level 1:colcon.colcon_core.package_identification:_identify(src/models/x1) by extension 'python'
[0.429s] Level 1:colcon.colcon_core.package_identification:_identify(src/models/x1) by extensions ['python_setup_py']
[0.429s] Level 1:colcon.colcon_core.package_identification:_identify(src/models/x1) by extension 'python_setup_py'
[0.429s] Level 1:colcon.colcon_core.package_identification:_identify(src/models/x1/materials) by extensions ['ignore', 'ignore_ament_install']
[0.429s] Level 1:colcon.colcon_core.package_identification:_identify(src/models/x1/materials) by extension 'ignore'
[0.429s] Level 1:colcon.colcon_core.package_identification:_identify(src/models/x1/materials) by extension 'ignore_ament_install'
[0.429s] Level 1:colcon.colcon_core.package_identification:_identify(src/models/x1/materials) by extensions ['colcon_pkg']
[0.429s] Level 1:colcon.colcon_core.package_identification:_identify(src/models/x1/materials) by extension 'colcon_pkg'
[0.429s] Level 1:colcon.colcon_core.package_identification:_identify(src/models/x1/materials) by extensions ['colcon_meta']
[0.429s] Level 1:colcon.colcon_core.package_identification:_identify(src/models/x1/materials) by extension 'colcon_meta'
[0.429s] Level 1:colcon.colcon_core.package_identification:_identify(src/models/x1/materials) by extensions ['ros']
[0.429s] Level 1:colcon.colcon_core.package_identification:_identify(src/models/x1/materials) by extension 'ros'
[0.429s] Level 1:colcon.colcon_core.package_identification:_identify(src/models/x1/materials) by extensions ['cmake', 'python']
[0.429s] Level 1:colcon.colcon_core.package_identification:_identify(src/models/x1/materials) by extension 'cmake'
[0.429s] Level 1:colcon.colcon_core.package_identification:_identify(src/models/x1/materials) by extension 'python'
[0.429s] Level 1:colcon.colcon_core.package_identification:_identify(src/models/x1/materials) by extensions ['python_setup_py']
[0.429s] Level 1:colcon.colcon_core.package_identification:_identify(src/models/x1/materials) by extension 'python_setup_py'
[0.429s] Level 1:colcon.colcon_core.package_identification:_identify(src/models/x1/materials/textures) by extensions ['ignore', 'ignore_ament_install']
[0.429s] Level 1:colcon.colcon_core.package_identification:_identify(src/models/x1/materials/textures) by extension 'ignore'
[0.429s] Level 1:colcon.colcon_core.package_identification:_identify(src/models/x1/materials/textures) by extension 'ignore_ament_install'
[0.429s] Level 1:colcon.colcon_core.package_identification:_identify(src/models/x1/materials/textures) by extensions ['colcon_pkg']
[0.429s] Level 1:colcon.colcon_core.package_identification:_identify(src/models/x1/materials/textures) by extension 'colcon_pkg'
[0.429s] Level 1:colcon.colcon_core.package_identification:_identify(src/models/x1/materials/textures) by extensions ['colcon_meta']
[0.429s] Level 1:colcon.colcon_core.package_identification:_identify(src/models/x1/materials/textures) by extension 'colcon_meta'
[0.429s] Level 1:colcon.colcon_core.package_identification:_identify(src/models/x1/materials/textures) by extensions ['ros']
[0.429s] Level 1:colcon.colcon_core.package_identification:_identify(src/models/x1/materials/textures) by extension 'ros'
[0.429s] Level 1:colcon.colcon_core.package_identification:_identify(src/models/x1/materials/textures) by extensions ['cmake', 'python']
[0.429s] Level 1:colcon.colcon_core.package_identification:_identify(src/models/x1/materials/textures) by extension 'cmake'
[0.429s] Level 1:colcon.colcon_core.package_identification:_identify(src/models/x1/materials/textures) by extension 'python'
[0.429s] Level 1:colcon.colcon_core.package_identification:_identify(src/models/x1/materials/textures) by extensions ['python_setup_py']
[0.429s] Level 1:colcon.colcon_core.package_identification:_identify(src/models/x1/materials/textures) by extension 'python_setup_py'
[0.429s] Level 1:colcon.colcon_core.package_identification:_identify(src/models/x1/meshes) by extensions ['ignore', 'ignore_ament_install']
[0.429s] Level 1:colcon.colcon_core.package_identification:_identify(src/models/x1/meshes) by extension 'ignore'
[0.429s] Level 1:colcon.colcon_core.package_identification:_identify(src/models/x1/meshes) by extension 'ignore_ament_install'
[0.429s] Level 1:colcon.colcon_core.package_identification:_identify(src/models/x1/meshes) by extensions ['colcon_pkg']
[0.429s] Level 1:colcon.colcon_core.package_identification:_identify(src/models/x1/meshes) by extension 'colcon_pkg'
[0.429s] Level 1:colcon.colcon_core.package_identification:_identify(src/models/x1/meshes) by extensions ['colcon_meta']
[0.429s] Level 1:colcon.colcon_core.package_identification:_identify(src/models/x1/meshes) by extension 'colcon_meta'
[0.429s] Level 1:colcon.colcon_core.package_identification:_identify(src/models/x1/meshes) by extensions ['ros']
[0.429s] Level 1:colcon.colcon_core.package_identification:_identify(src/models/x1/meshes) by extension 'ros'
[0.429s] Level 1:colcon.colcon_core.package_identification:_identify(src/models/x1/meshes) by extensions ['cmake', 'python']
[0.429s] Level 1:colcon.colcon_core.package_identification:_identify(src/models/x1/meshes) by extension 'cmake'
[0.429s] Level 1:colcon.colcon_core.package_identification:_identify(src/models/x1/meshes) by extension 'python'
[0.429s] Level 1:colcon.colcon_core.package_identification:_identify(src/models/x1/meshes) by extensions ['python_setup_py']
[0.429s] Level 1:colcon.colcon_core.package_identification:_identify(src/models/x1/meshes) by extension 'python_setup_py'
[0.430s] Level 1:colcon.colcon_core.package_identification:_identify(src/models/x1/thumbnails) by extensions ['ignore', 'ignore_ament_install']
[0.430s] Level 1:colcon.colcon_core.package_identification:_identify(src/models/x1/thumbnails) by extension 'ignore'
[0.430s] Level 1:colcon.colcon_core.package_identification:_identify(src/models/x1/thumbnails) by extension 'ignore_ament_install'
[0.430s] Level 1:colcon.colcon_core.package_identification:_identify(src/models/x1/thumbnails) by extensions ['colcon_pkg']
[0.430s] Level 1:colcon.colcon_core.package_identification:_identify(src/models/x1/thumbnails) by extension 'colcon_pkg'
[0.430s] Level 1:colcon.colcon_core.package_identification:_identify(src/models/x1/thumbnails) by extensions ['colcon_meta']
[0.430s] Level 1:colcon.colcon_core.package_identification:_identify(src/models/x1/thumbnails) by extension 'colcon_meta'
[0.430s] Level 1:colcon.colcon_core.package_identification:_identify(src/models/x1/thumbnails) by extensions ['ros']
[0.430s] Level 1:colcon.colcon_core.package_identification:_identify(src/models/x1/thumbnails) by extension 'ros'
[0.430s] Level 1:colcon.colcon_core.package_identification:_identify(src/models/x1/thumbnails) by extensions ['cmake', 'python']
[0.430s] Level 1:colcon.colcon_core.package_identification:_identify(src/models/x1/thumbnails) by extension 'cmake'
[0.430s] Level 1:colcon.colcon_core.package_identification:_identify(src/models/x1/thumbnails) by extension 'python'
[0.430s] Level 1:colcon.colcon_core.package_identification:_identify(src/models/x1/thumbnails) by extensions ['python_setup_py']
[0.430s] Level 1:colcon.colcon_core.package_identification:_identify(src/models/x1/thumbnails) by extension 'python_setup_py'
[0.430s] Level 1:colcon.colcon_core.package_identification:_identify(src/models/x1/worlds) by extensions ['ignore', 'ignore_ament_install']
[0.430s] Level 1:colcon.colcon_core.package_identification:_identify(src/models/x1/worlds) by extension 'ignore'
[0.430s] Level 1:colcon.colcon_core.package_identification:_identify(src/models/x1/worlds) by extension 'ignore_ament_install'
[0.430s] Level 1:colcon.colcon_core.package_identification:_identify(src/models/x1/worlds) by extensions ['colcon_pkg']
[0.430s] Level 1:colcon.colcon_core.package_identification:_identify(src/models/x1/worlds) by extension 'colcon_pkg'
[0.430s] Level 1:colcon.colcon_core.package_identification:_identify(src/models/x1/worlds) by extensions ['colcon_meta']
[0.430s] Level 1:colcon.colcon_core.package_identification:_identify(src/models/x1/worlds) by extension 'colcon_meta'
[0.430s] Level 1:colcon.colcon_core.package_identification:_identify(src/models/x1/worlds) by extensions ['ros']
[0.430s] Level 1:colcon.colcon_core.package_identification:_identify(src/models/x1/worlds) by extension 'ros'
[0.430s] Level 1:colcon.colcon_core.package_identification:_identify(src/models/x1/worlds) by extensions ['cmake', 'python']
[0.430s] Level 1:colcon.colcon_core.package_identification:_identify(src/models/x1/worlds) by extension 'cmake'
[0.430s] Level 1:colcon.colcon_core.package_identification:_identify(src/models/x1/worlds) by extension 'python'
[0.430s] Level 1:colcon.colcon_core.package_identification:_identify(src/models/x1/worlds) by extensions ['python_setup_py']
[0.430s] Level 1:colcon.colcon_core.package_identification:_identify(src/models/x1/worlds) by extension 'python_setup_py'
[0.430s] Level 1:colcon.colcon_core.package_identification:_identify(src/moon_sim) by extensions ['ignore', 'ignore_ament_install']
[0.430s] Level 1:colcon.colcon_core.package_identification:_identify(src/moon_sim) by extension 'ignore'
[0.430s] Level 1:colcon.colcon_core.package_identification:_identify(src/moon_sim) by extension 'ignore_ament_install'
[0.430s] Level 1:colcon.colcon_core.package_identification:_identify(src/moon_sim) by extensions ['colcon_pkg']
[0.430s] Level 1:colcon.colcon_core.package_identification:_identify(src/moon_sim) by extension 'colcon_pkg'
[0.430s] Level 1:colcon.colcon_core.package_identification:_identify(src/moon_sim) by extensions ['colcon_meta']
[0.430s] Level 1:colcon.colcon_core.package_identification:_identify(src/moon_sim) by extension 'colcon_meta'
[0.430s] Level 1:colcon.colcon_core.package_identification:_identify(src/moon_sim) by extensions ['ros']
[0.430s] Level 1:colcon.colcon_core.package_identification:_identify(src/moon_sim) by extension 'ros'
[0.431s] DEBUG:colcon.colcon_core.package_identification:Found ROS schema reference in package manifest in 'src/moon_sim'
[0.431s] WARNING:colcon.colcon_core.package_identification:Failed to parse ROS package manifest in 'src/moon_sim': Error(s) in package 'src/moon_sim/package.xml':
Error(s):
- The manifest of package "moon_sim" (with format version 3) must not contain the following tags: run_depend
- Please replace <run_depend> tags with <exec_depend> tags.
[0.431s] Level 1:colcon.colcon_core.package_identification:_identify(src/moon_sim) by extensions ['cmake', 'python']
[0.431s] Level 1:colcon.colcon_core.package_identification:_identify(src/moon_sim) by extension 'cmake'
[0.431s] Level 1:colcon.colcon_core.package_identification:_identify(src/moon_sim) by extension 'python'
[0.431s] DEBUG:colcon.colcon_core.package_identification:Python package in 'src/moon_sim' passes arguments to the setup() function which requires a different identification extension than 'python'
[0.431s] Level 1:colcon.colcon_core.package_identification:_identify(src/moon_sim) by extensions ['python_setup_py']
[0.432s] Level 1:colcon.colcon_core.package_identification:_identify(src/moon_sim) by extension 'python_setup_py'
[0.548s] DEBUG:colcon.colcon_core.package_identification:Package 'src/moon_sim' with type 'python' and name 'moon_sim'
[0.548s] Level 1:colcon.colcon_core.package_identification:_identify(src/worlds) by extensions ['ignore', 'ignore_ament_install']
[0.548s] Level 1:colcon.colcon_core.package_identification:_identify(src/worlds) by extension 'ignore'
[0.548s] Level 1:colcon.colcon_core.package_identification:_identify(src/worlds) by extension 'ignore_ament_install'
[0.548s] Level 1:colcon.colcon_core.package_identification:_identify(src/worlds) by extensions ['colcon_pkg']
[0.548s] Level 1:colcon.colcon_core.package_identification:_identify(src/worlds) by extension 'colcon_pkg'
[0.548s] Level 1:colcon.colcon_core.package_identification:_identify(src/worlds) by extensions ['colcon_meta']
[0.548s] Level 1:colcon.colcon_core.package_identification:_identify(src/worlds) by extension 'colcon_meta'
[0.548s] Level 1:colcon.colcon_core.package_identification:_identify(src/worlds) by extensions ['ros']
[0.548s] Level 1:colcon.colcon_core.package_identification:_identify(src/worlds) by extension 'ros'
[0.548s] Level 1:colcon.colcon_core.package_identification:_identify(src/worlds) by extensions ['cmake', 'python']
[0.548s] Level 1:colcon.colcon_core.package_identification:_identify(src/worlds) by extension 'cmake'
[0.548s] Level 1:colcon.colcon_core.package_identification:_identify(src/worlds) by extension 'python'
[0.548s] Level 1:colcon.colcon_core.package_identification:_identify(src/worlds) by extensions ['python_setup_py']
[0.548s] Level 1:colcon.colcon_core.package_identification:_identify(src/worlds) by extension 'python_setup_py'
[0.548s] Level 1:colcon.colcon_core.package_discovery:discover_packages(recursive) using defaults
[0.548s] Level 1:colcon.colcon_core.package_discovery:discover_packages(ignore) discover
[0.548s] Level 1:colcon.colcon_core.package_discovery:discover_packages(ignore) using defaults
[0.548s] Level 1:colcon.colcon_core.package_discovery:discover_packages(path) discover
[0.548s] Level 1:colcon.colcon_core.package_discovery:discover_packages(path) using defaults
[0.586s] Level 1:colcon.colcon_core.package_discovery:discover_packages(prefix_path) check parameters
[0.586s] Level 1:colcon.colcon_core.package_discovery:discover_packages(prefix_path) discover
[0.598s] DEBUG:colcon.colcon_installed_package_information.package_discovery:Found 1 installed packages in /home/castrou/element_challenge/element_ws/install
[0.604s] DEBUG:colcon.colcon_installed_package_information.package_discovery:Found 270 installed packages in /opt/ros/humble
[0.605s] Level 1:colcon.colcon_core.package_discovery:discover_packages(prefix_path) using defaults
[0.645s] Level 5:colcon.colcon_core.verb:set package 'moon_sim' build argument 'cmake_args' from command line to 'None'
[0.645s] Level 5:colcon.colcon_core.verb:set package 'moon_sim' build argument 'cmake_target' from command line to 'None'
[0.645s] Level 5:colcon.colcon_core.verb:set package 'moon_sim' build argument 'cmake_target_skip_unavailable' from command line to 'False'
[0.645s] Level 5:colcon.colcon_core.verb:set package 'moon_sim' build argument 'cmake_clean_cache' from command line to 'False'
[0.645s] Level 5:colcon.colcon_core.verb:set package 'moon_sim' build argument 'cmake_clean_first' from command line to 'False'
[0.645s] Level 5:colcon.colcon_core.verb:set package 'moon_sim' build argument 'cmake_force_configure' from command line to 'False'
[0.645s] Level 5:colcon.colcon_core.verb:set package 'moon_sim' build argument 'ament_cmake_args' from command line to 'None'
[0.645s] Level 5:colcon.colcon_core.verb:set package 'moon_sim' build argument 'catkin_cmake_args' from command line to 'None'
[0.645s] Level 5:colcon.colcon_core.verb:set package 'moon_sim' build argument 'catkin_skip_building_tests' from command line to 'False'
[0.645s] DEBUG:colcon.colcon_core.verb:Building package 'moon_sim' with the following arguments: {'ament_cmake_args': None, 'build_base': '/home/castrou/element_challenge/element_ws/build/moon_sim', 'catkin_cmake_args': None, 'catkin_skip_building_tests': False, 'cmake_args': None, 'cmake_clean_cache': False, 'cmake_clean_first': False, 'cmake_force_configure': False, 'cmake_target': None, 'cmake_target_skip_unavailable': False, 'install_base': '/home/castrou/element_challenge/element_ws/install/moon_sim', 'merge_install': False, 'path': '/home/castrou/element_challenge/element_ws/src/moon_sim', 'symlink_install': False, 'test_result_base': None}
[0.650s] INFO:colcon.colcon_core.executor:Executing jobs using 'parallel' executor
[0.656s] DEBUG:colcon.colcon_parallel_executor.executor.parallel:run_until_complete
[0.656s] INFO:colcon.colcon_core.task.python.build:Building Python package in '/home/castrou/element_challenge/element_ws/src/moon_sim'
[0.663s] INFO:colcon.colcon_core.plugin_system:Skipping extension 'colcon_core.shell.bat': Not used on non-Windows systems
[0.663s] INFO:colcon.colcon_core.shell:Skip shell extension 'powershell' for command environment: Not usable outside of PowerShell
[0.663s] DEBUG:colcon.colcon_core.shell:Skip shell extension 'dsv' for command environment
[0.957s] DEBUG:colcon.colcon_core.event_handler.log_command:Invoking command in '/home/castrou/element_challenge/element_ws/src/moon_sim': PYTHONPATH=/home/castrou/element_challenge/element_ws/build/moon_sim/prefix_override:/home/castrou/element_challenge/element_ws/install/moon_sim/lib/python3.10/site-packages:${PYTHONPATH} /usr/bin/python3 setup.py egg_info --egg-base ../../build/moon_sim build --build-base /home/castrou/element_challenge/element_ws/build/moon_sim/build install --record /home/castrou/element_challenge/element_ws/build/moon_sim/install.log --single-version-externally-managed
[1.094s] DEBUG:colcon.colcon_core.event_handler.log_command:Invoked command in '/home/castrou/element_challenge/element_ws/src/moon_sim' returned '0': PYTHONPATH=/home/castrou/element_challenge/element_ws/build/moon_sim/prefix_override:/home/castrou/element_challenge/element_ws/install/moon_sim/lib/python3.10/site-packages:${PYTHONPATH} /usr/bin/python3 setup.py egg_info --egg-base ../../build/moon_sim build --build-base /home/castrou/element_challenge/element_ws/build/moon_sim/build install --record /home/castrou/element_challenge/element_ws/build/moon_sim/install.log --single-version-externally-managed
[1.101s] Level 1:colcon.colcon_core.environment:checking '/home/castrou/element_challenge/element_ws/install/moon_sim' for CMake module files
[1.101s] Level 1:colcon.colcon_core.environment:checking '/home/castrou/element_challenge/element_ws/install/moon_sim' for CMake config files
[1.101s] Level 1:colcon.colcon_core.environment:checking '/home/castrou/element_challenge/element_ws/install/moon_sim/lib'
[1.101s] Level 1:colcon.colcon_core.environment:checking '/home/castrou/element_challenge/element_ws/install/moon_sim/bin'
[1.101s] Level 1:colcon.colcon_core.environment:checking '/home/castrou/element_challenge/element_ws/install/moon_sim/lib/pkgconfig/moon_sim.pc'
[1.102s] Level 1:colcon.colcon_core.environment:checking '/home/castrou/element_challenge/element_ws/install/moon_sim/lib/python3.10/site-packages'
[1.102s] Level 1:colcon.colcon_core.shell:create_environment_hook('moon_sim', 'pythonpath')
[1.107s] INFO:colcon.colcon_core.shell:Creating environment hook '/home/castrou/element_challenge/element_ws/install/moon_sim/share/moon_sim/hook/pythonpath.ps1'
[1.107s] INFO:colcon.colcon_core.shell:Creating environment descriptor '/home/castrou/element_challenge/element_ws/install/moon_sim/share/moon_sim/hook/pythonpath.dsv'
[1.108s] INFO:colcon.colcon_core.shell:Creating environment hook '/home/castrou/element_challenge/element_ws/install/moon_sim/share/moon_sim/hook/pythonpath.sh'
[1.108s] Level 1:colcon.colcon_core.environment:checking '/home/castrou/element_challenge/element_ws/install/moon_sim/bin'
[1.108s] Level 1:colcon.colcon_core.environment:create_environment_scripts_only(moon_sim)
[1.114s] INFO:colcon.colcon_core.shell:Creating package script '/home/castrou/element_challenge/element_ws/install/moon_sim/share/moon_sim/package.ps1'
[1.114s] INFO:colcon.colcon_core.shell:Creating package descriptor '/home/castrou/element_challenge/element_ws/install/moon_sim/share/moon_sim/package.dsv'
[1.115s] INFO:colcon.colcon_core.shell:Creating package script '/home/castrou/element_challenge/element_ws/install/moon_sim/share/moon_sim/package.sh'
[1.115s] INFO:colcon.colcon_core.shell:Creating package script '/home/castrou/element_challenge/element_ws/install/moon_sim/share/moon_sim/package.bash'
[1.115s] INFO:colcon.colcon_core.shell:Creating package script '/home/castrou/element_challenge/element_ws/install/moon_sim/share/moon_sim/package.zsh'
[1.116s] Level 1:colcon.colcon_core.environment:create_file_with_runtime_dependencies(/home/castrou/element_challenge/element_ws/install/moon_sim/share/colcon-core/packages/moon_sim)
[1.116s] DEBUG:colcon.colcon_parallel_executor.executor.parallel:closing loop
[1.116s] DEBUG:colcon.colcon_parallel_executor.executor.parallel:loop closed
[1.116s] DEBUG:colcon.colcon_parallel_executor.executor.parallel:run_until_complete finished with '0'
[1.116s] DEBUG:colcon.colcon_core.event_reactor:joining thread
[1.124s] INFO:colcon.colcon_core.plugin_system:Skipping extension 'colcon_notification.desktop_notification.terminal_notifier': Not used on non-Darwin systems
[1.124s] INFO:colcon.colcon_core.plugin_system:Skipping extension 'colcon_notification.desktop_notification.win32': Not used on non-Windows systems
[1.124s] INFO:colcon.colcon_notification.desktop_notification:Sending desktop notification using 'notify2'
[1.135s] DEBUG:colcon.colcon_core.event_reactor:joined thread
[1.142s] INFO:colcon.colcon_core.shell:Creating prefix script '/home/castrou/element_challenge/element_ws/install/local_setup.ps1'
[1.142s] INFO:colcon.colcon_core.shell:Creating prefix util module '/home/castrou/element_challenge/element_ws/install/_local_setup_util_ps1.py'
[1.143s] INFO:colcon.colcon_core.shell:Creating prefix chain script '/home/castrou/element_challenge/element_ws/install/setup.ps1'
[1.150s] INFO:colcon.colcon_core.shell:Creating prefix script '/home/castrou/element_challenge/element_ws/install/local_setup.sh'
[1.151s] INFO:colcon.colcon_core.shell:Creating prefix util module '/home/castrou/element_challenge/element_ws/install/_local_setup_util_sh.py'
[1.151s] INFO:colcon.colcon_core.shell:Creating prefix chain script '/home/castrou/element_challenge/element_ws/install/setup.sh'
[1.157s] INFO:colcon.colcon_core.shell:Creating prefix script '/home/castrou/element_challenge/element_ws/install/local_setup.bash'
[1.158s] INFO:colcon.colcon_core.shell:Creating prefix chain script '/home/castrou/element_challenge/element_ws/install/setup.bash'
[1.164s] INFO:colcon.colcon_core.shell:Creating prefix script '/home/castrou/element_challenge/element_ws/install/local_setup.zsh'
[1.164s] INFO:colcon.colcon_core.shell:Creating prefix chain script '/home/castrou/element_challenge/element_ws/install/setup.zsh'
